<?xml version="1.0" encoding="UTF-8"?>
<testsuite xmlns:xsi="http://www.w3.org/2001/XMLSchema-instance" xsi:noNamespaceSchemaLocation="https://maven.apache.org/surefire/maven-surefire-plugin/xsd/surefire-test-report-3.0.xsd" version="3.0" name="TestSuite" time="58.394" tests="3" errors="0" skipped="0" failures="0">
  <properties>
[...]
</properties>
  <testcase name="addCustomer" classname="tsd.TSD_Bank" time="12.49"/>
  <testcase name="deleteCustomer" classname="tsd.TSD_Bank" time="10.945"/>
  <testcase name="updateAddress" classname="tsd.TSD_Test" time="10.99"/>
</testsuite>